<?xml version="1.0" encoding="UTF-8"?>
<testsuite xmlns:xsi="http://www.w3.org/2001/XMLSchema-instance" xsi:noNamespaceSchemaLocation="https://maven.apache.org/surefire/maven-surefire-plugin/xsd/surefire-test-report-3.0.xsd" version="3.0" name="com.ps.fooddelivery.serviceimpl.CartServiceImplTest" time="0.203" tests="7" errors="0" skipped="0" failures="0">
  <properties>
[...]
</properties>
  <testcase name="testDeleteItemFromCartNotFound" classname="com.ps.fooddelivery.serviceimpl.CartServiceImplTest" time="0.171">
    <system-out><![CDATA[2024-07-01T09:16:22.467+05:30  INFO 18372 --- [FOOD-DELIVERY] [           main] c.p.f.serviceimpl.CartServiceImpl        : Entering deleteItemFromCart with id: cart123
2024-07-01T09:16:22.467+05:30 ERROR 18372 --- [FOOD-DELIVERY] [           main] c.p.f.serviceimpl.CartServiceImpl        : Cart item with id: cart123 not found
]]></system-out>
  </testcase>
  <testcase name="testGetCartNotFound" classname="com.ps.fooddelivery.serviceimpl.CartServiceImplTest" time="0.005">
    <system-out><![CDATA[2024-07-01T09:16:22.474+05:30  INFO 18372 --- [FOOD-DELIVERY] [           main] c.p.f.serviceimpl.CartServiceImpl        : Entering getCart with userId: user123
2024-07-01T09:16:22.474+05:30 ERROR 18372 --- [FOOD-DELIVERY] [           main] c.p.f.serviceimpl.CartServiceImpl        : No cart items found for userId: user123
]]></system-out>
  </testcase>
  <testcase name="testAddToCart" classname="com.ps.fooddelivery.serviceimpl.CartServiceImplTest" time="0.002">
    <system-out><![CDATA[2024-07-01T09:16:22.478+05:30  INFO 18372 --- [FOOD-DELIVERY] [           main] c.p.f.serviceimpl.CartServiceImpl        : Entering addToCart with cart: Cart(id=cart123, userId=null, items=null, name=null, price=null)
2024-07-01T09:16:22.478+05:30  INFO 18372 --- [FOOD-DELIVERY] [           main] c.p.f.serviceimpl.CartServiceImpl        : Cart item added successfully: Cart(id=cart123, userId=null, items=null, name=null, price=null)
]]></system-out>
  </testcase>
  <testcase name="testDeleteItemFromCart" classname="com.ps.fooddelivery.serviceimpl.CartServiceImplTest" time="0.003">
    <system-out><![CDATA[2024-07-01T09:16:22.482+05:30  INFO 18372 --- [FOOD-DELIVERY] [           main] c.p.f.serviceimpl.CartServiceImpl        : Entering deleteItemFromCart with id: cart123
2024-07-01T09:16:22.483+05:30  INFO 18372 --- [FOOD-DELIVERY] [           main] c.p.f.serviceimpl.CartServiceImpl        : Cart item deleted successfully with id: cart123
]]></system-out>
  </testcase>
  <testcase name="testGetCartAll" classname="com.ps.fooddelivery.serviceimpl.CartServiceImplTest" time="0.003">
    <system-out><![CDATA[2024-07-01T09:16:22.486+05:30  INFO 18372 --- [FOOD-DELIVERY] [           main] c.p.f.serviceimpl.CartServiceImpl        : Entering getCartAll
2024-07-01T09:16:22.486+05:30  INFO 18372 --- [FOOD-DELIVERY] [           main] c.p.f.serviceimpl.CartServiceImpl        : All cart items retrieved successfully
]]></system-out>
  </testcase>
  <testcase name="testGetCartFound" classname="com.ps.fooddelivery.serviceimpl.CartServiceImplTest" time="0.006">
    <system-out><![CDATA[2024-07-01T09:16:22.493+05:30  INFO 18372 --- [FOOD-DELIVERY] [           main] c.p.f.serviceimpl.CartServiceImpl        : Entering getCart with userId: user123
2024-07-01T09:16:22.494+05:30  INFO 18372 --- [FOOD-DELIVERY] [           main] c.p.f.serviceimpl.CartServiceImpl        : Cart items retrieved successfully for userId: user123
]]></system-out>
  </testcase>
  <testcase name="testRemove" classname="com.ps.fooddelivery.serviceimpl.CartServiceImplTest" time="0.004">
    <system-out><![CDATA[2024-07-01T09:16:22.497+05:30  INFO 18372 --- [FOOD-DELIVERY] [           main] c.p.f.serviceimpl.CartServiceImpl        : Entering remove
2024-07-01T09:16:22.498+05:30  INFO 18372 --- [FOOD-DELIVERY] [           main] c.p.f.serviceimpl.CartServiceImpl        : All cart items removed successfully
]]></system-out>
  </testcase>
</testsuite>