<?xml version="1.0" encoding="UTF-8"?>
<testsuite xmlns:xsi="http://www.w3.org/2001/XMLSchema-instance" xsi:noNamespaceSchemaLocation="https://maven.apache.org/surefire/maven-surefire-plugin/xsd/surefire-test-report-3.0.xsd" version="3.0" name="com.ps.fooddelivery.FoodDeliveryApplicationTests" time="11.288" tests="1" errors="0" skipped="0" failures="0">
  <properties>
[...]
</properties>
  <testcase name="contextLoads" classname="com.ps.fooddelivery.FoodDeliveryApplicationTests" time="0.029">
    <system-out><![CDATA[09:16:10.995 [main] INFO org.springframework.test.context.support.AnnotationConfigContextLoaderUtils -- Could not detect default configuration classes for test class [com.ps.fooddelivery.FoodDeliveryApplicationTests]: FoodDeliveryApplicationTests does not declare any static, non-private, non-final, nested classes annotated with @Configuration.
09:16:11.495 [main] INFO org.springframework.boot.test.context.SpringBootTestContextBootstrapper -- Found @SpringBootConfiguration com.ps.fooddelivery.FoodDeliveryApplication for test class com.ps.fooddelivery.FoodDeliveryApplicationTests
09:16:12.173 [main] INFO org.springframework.boot.devtools.restart.RestartApplicationListener -- Restart disabled due to context in which it is running

  .   ____          _            __ _ _
 /\\ / ___'_ __ _ _(_)_ __  __ _ \ \ \ \
( ( )\___ | '_ | '_| | '_ \/ _` | \ \ \ \
 \\/  ___)| |_)| | | | | || (_| |  ) ) ) )
  '  |____| .__|_| |_|_| |_\__, | / / / /
 =========|_|==============|___/=/_/_/_/
 :: Spring Boot ::                (v3.2.4)

2024-07-01T09:16:13.082+05:30  INFO 18372 --- [FOOD-DELIVERY] [           main] c.p.f.FoodDeliveryApplicationTests       : Starting FoodDeliveryApplicationTests using Java 21.0.2 with PID 18372 (started by amikumar114 in C:\Users\amikumar114\Desktop\Retra-Project\Food-Delivery)
2024-07-01T09:16:13.087+05:30  INFO 18372 --- [FOOD-DELIVERY] [           main] c.p.f.FoodDeliveryApplicationTests       : No active profile set, falling back to 1 default profile: "default"
2024-07-01T09:16:16.870+05:30  INFO 18372 --- [FOOD-DELIVERY] [           main] .s.d.r.c.RepositoryConfigurationDelegate : Bootstrapping Spring Data MongoDB repositories in DEFAULT mode.
2024-07-01T09:16:17.034+05:30  INFO 18372 --- [FOOD-DELIVERY] [           main] .s.d.r.c.RepositoryConfigurationDelegate : Finished Spring Data repository scanning in 149 ms. Found 3 MongoDB repository interfaces.
2024-07-01T09:16:18.382+05:30  INFO 18372 --- [FOOD-DELIVERY] [           main] org.mongodb.driver.client                : MongoClient with metadata {"driver": {"name": "mongo-java-driver|sync|spring-boot", "version": "4.11.1"}, "os": {"type": "Windows", "name": "Windows 11", "architecture": "amd64", "version": "10.0"}, "platform": "Java/Oracle Corporation/21.0.2+13-LTS-58"} created with settings MongoClientSettings{readPreference=primary, writeConcern=WriteConcern{w=null, wTimeout=null ms, journal=null}, retryWrites=true, retryReads=true, readConcern=ReadConcern{level=null}, credential=null, transportSettings=null, streamFactoryFactory=null, commandListeners=[io.micrometer.core.instrument.binder.mongodb.MongoMetricsCommandListener@2baf9c62], codecRegistry=ProvidersCodecRegistry{codecProviders=[ValueCodecProvider{}, BsonValueCodecProvider{}, DBRefCodecProvider{}, DBObjectCodecProvider{}, DocumentCodecProvider{}, CollectionCodecProvider{}, IterableCodecProvider{}, MapCodecProvider{}, GeoJsonCodecProvider{}, GridFSFileCodecProvider{}, Jsr310CodecProvider{}, JsonObjectCodecProvider{}, BsonCodecProvider{}, EnumCodecProvider{}, com.mongodb.client.model.mql.ExpressionCodecProvider@57202722, com.mongodb.Jep395RecordCodecProvider@7bc342f6, com.mongodb.KotlinCodecProvider@20c3be4c]}, loggerSettings=LoggerSettings{maxDocumentLength=1000}, clusterSettings={hosts=[localhost:27017], srvServiceName=mongodb, mode=SINGLE, requiredClusterType=UNKNOWN, requiredReplicaSetName='null', serverSelector='null', clusterListeners='[]', serverSelectionTimeout='30000 ms', localThreshold='15 ms'}, socketSettings=SocketSettings{connectTimeoutMS=10000, readTimeoutMS=0, receiveBufferSize=0, proxySettings=ProxySettings{host=null, port=null, username=null, password=null}}, heartbeatSocketSettings=SocketSettings{connectTimeoutMS=10000, readTimeoutMS=10000, receiveBufferSize=0, proxySettings=ProxySettings{host=null, port=null, username=null, password=null}}, connectionPoolSettings=ConnectionPoolSettings{maxSize=100, minSize=0, maxWaitTimeMS=120000, maxConnectionLifeTimeMS=0, maxConnectionIdleTimeMS=0, maintenanceInitialDelayMS=0, maintenanceFrequencyMS=60000, connectionPoolListeners=[io.micrometer.core.instrument.binder.mongodb.MongoMetricsConnectionPoolListener@77d86aba], maxConnecting=2}, serverSettings=ServerSettings{heartbeatFrequencyMS=10000, minHeartbeatFrequencyMS=500, serverListeners='[]', serverMonitorListeners='[]'}, sslSettings=SslSettings{enabled=false, invalidHostNameAllowed=false, context=null}, applicationName='null', compressorList=[], uuidRepresentation=JAVA_LEGACY, serverApi=null, autoEncryptionSettings=null, dnsClient=null, inetAddressResolver=null, contextProvider=null}
2024-07-01T09:16:18.447+05:30  INFO 18372 --- [FOOD-DELIVERY] [localhost:27017] org.mongodb.driver.cluster               : Monitor thread successfully connected to server with description ServerDescription{address=localhost:27017, type=STANDALONE, state=CONNECTED, ok=true, minWireVersion=0, maxWireVersion=21, maxDocumentSize=16777216, logicalSessionTimeoutMinutes=30, roundTripTimeNanos=52398500}
2024-07-01T09:16:19.866+05:30  WARN 18372 --- [FOOD-DELIVERY] [           main] .s.s.UserDetailsServiceAutoConfiguration : 

Using generated security password: bce8deef-846d-4086-8151-7aa4cc95ea93

This generated password is for development use only. Your security configuration must be updated before running your application in production.

2024-07-01T09:16:20.665+05:30  INFO 18372 --- [FOOD-DELIVERY] [           main] o.s.b.a.e.web.EndpointLinksResolver      : Exposing 1 endpoint(s) beneath base path '/actuator'
2024-07-01T09:16:20.741+05:30  INFO 18372 --- [FOOD-DELIVERY] [           main] o.s.s.web.DefaultSecurityFilterChain     : Will secure any request with [org.springframework.security.web.session.DisableEncodeUrlFilter@65b2f815, org.springframework.security.web.context.request.async.WebAsyncManagerIntegrationFilter@1a8b2ab3, org.springframework.security.web.context.SecurityContextHolderFilter@24ac4cf4, org.springframework.security.web.header.HeaderWriterFilter@7aa45a14, org.springframework.web.filter.CorsFilter@7c3019d6, org.springframework.security.web.authentication.logout.LogoutFilter@78e077f8, org.springframework.security.web.savedrequest.RequestCacheAwareFilter@771f4556, org.springframework.security.web.servletapi.SecurityContextHolderAwareRequestFilter@23b34af8, org.springframework.security.web.authentication.AnonymousAuthenticationFilter@37e628c0, org.springframework.security.web.access.ExceptionTranslationFilter@4179260d, org.springframework.security.web.access.intercept.AuthorizationFilter@6d024898]
2024-07-01T09:16:21.168+05:30  WARN 18372 --- [FOOD-DELIVERY] [           main] ion$DefaultTemplateResolverConfiguration : Cannot find template location: classpath:/templates/ (please add some templates, check your Thymeleaf configuration, or set spring.thymeleaf.check-template-location=false)
2024-07-01T09:16:21.525+05:30  INFO 18372 --- [FOOD-DELIVERY] [           main] c.p.f.FoodDeliveryApplicationTests       : Started FoodDeliveryApplicationTests in 9.404 seconds (process running for 18.131)
]]></system-out>
  </testcase>
</testsuite>